2018/12/12-16:58 [restartedMain] INFO  com.aaa.Qy87vuespringbootApplication- Starting Qy87vuespringbootApplication on USER-20171225MS with PID 14228 (started by Administrator in C:\Users\Administrator\Desktop\多文件上传\qy87vuespringboot)
2018/12/12-16:58 [restartedMain] INFO  com.aaa.Qy87vuespringbootApplication- No active profile set, falling back to default profiles: default
2018/12/12-16:58 [restartedMain] INFO  org.springframework.boot.devtools.env.DevToolsPropertyDefaultsPostProcessor- Devtools property defaults active! Set 'spring.devtools.add-properties' to 'false' to disable
2018/12/12-16:58 [restartedMain] INFO  org.springframework.boot.devtools.env.DevToolsPropertyDefaultsPostProcessor- For additional web related logging consider setting the 'logging.level.web' property to 'DEBUG'
2018/12/12-16:58 [restartedMain] INFO  org.springframework.boot.web.embedded.tomcat.TomcatWebServer- Tomcat initialized with port(s): 8080 (http)
2018/12/12-16:58 [restartedMain] INFO  org.apache.catalina.core.StandardService- Starting service [Tomcat]
2018/12/12-16:58 [restartedMain] INFO  org.apache.catalina.core.StandardEngine- Starting Servlet Engine: Apache Tomcat/9.0.13
2018/12/12-16:58 [restartedMain] INFO  org.apache.catalina.core.AprLifecycleListener- The APR based Apache Tomcat Native library which allows optimal performance in production environments was not found on the java.library.path: [C:\Program Files\Java\jdk1.8.0_191\bin;C:\Windows\Sun\Java\bin;C:\Windows\system32;C:\Windows;C:\Program Files\Java\jdk1.8.0_191\bin;C:\Program Files\Java\jdk1.8.0_191\jre\bin;C:\Program Files (x86)\Common Files\Oracle\Java\javapath;F:\app\Administrator\product\11.1.0\db_1\bin;C:\Program Files (x86)\Common Files\NetSarang;C:\Windows\system32;C:\Windows;C:\Windows\System32\Wbem;C:\Windows\System32\WindowsPowerShell\v1.0\;E:\maven\apache-maven-3.3.9\bin;E:\test\svnsvn\bin;D:\Bin;E:\test\maven\apache-maven-3.3.9;E:\test\Git\cmd;E:\test\python\Scripts\;E:\test\python\;C:\Program Files\Java\jdk1.8.0_191\bin;;.]
2018/12/12-16:58 [restartedMain] INFO  org.apache.catalina.core.ContainerBase.[Tomcat].[localhost].[/]- Initializing Spring embedded WebApplicationContext
2018/12/12-16:58 [restartedMain] INFO  org.springframework.web.context.ContextLoader- Root WebApplicationContext: initialization completed in 1554 ms
2018/12/12-16:58 [restartedMain] INFO  org.springframework.scheduling.concurrent.ThreadPoolTaskExecutor- Initializing ExecutorService 'applicationTaskExecutor'
2018/12/12-16:58 [restartedMain] INFO  org.springframework.boot.devtools.autoconfigure.OptionalLiveReloadServer- LiveReload server is running on port 35729
2018/12/12-16:58 [restartedMain] INFO  org.springframework.boot.web.embedded.tomcat.TomcatWebServer- Tomcat started on port(s): 8080 (http) with context path ''
2018/12/12-16:58 [restartedMain] INFO  com.aaa.Qy87vuespringbootApplication- Started Qy87vuespringbootApplication in 2.969 seconds (JVM running for 3.736)
2018/12/12-16:58 [http-nio-8080-exec-1] INFO  org.apache.catalina.core.ContainerBase.[Tomcat].[localhost].[/]- Initializing Spring DispatcherServlet 'dispatcherServlet'
2018/12/12-16:58 [http-nio-8080-exec-1] INFO  org.springframework.web.servlet.DispatcherServlet- Initializing Servlet 'dispatcherServlet'
2018/12/12-16:58 [http-nio-8080-exec-1] INFO  org.springframework.web.servlet.DispatcherServlet- Completed initialization in 6 ms
2018/12/12-16:58 [http-nio-8080-exec-2] INFO  com.alibaba.druid.pool.DruidDataSource- {dataSource-1} inited
2018/12/12-16:58 [http-nio-8080-exec-2] DEBUG com.aaa.dao.UserInfoDao.findAllUserByPage- ==>  Preparing: select id,username,password,createtime,imageurls from tbl_userinfo limit ?,? 
2018/12/12-16:58 [http-nio-8080-exec-2] DEBUG com.aaa.dao.UserInfoDao.findAllUserByPage- ==> Parameters: 0(Integer), 5(Integer)
2018/12/12-16:58 [http-nio-8080-exec-4] DEBUG com.aaa.dao.UserInfoDao.findAllUserByPage- ==>  Preparing: select id,username,password,createtime,imageurls from tbl_userinfo order by id desc limit ?,? 
2018/12/12-16:58 [http-nio-8080-exec-4] DEBUG com.aaa.dao.UserInfoDao.findAllUserByPage- ==> Parameters: 0(Integer), 5(Integer)
2018/12/12-16:58 [http-nio-8080-exec-4] DEBUG com.aaa.dao.UserInfoDao.findAllUserByPage- <==      Total: 3
2018/12/12-16:58 [http-nio-8080-exec-2] DEBUG com.aaa.dao.UserInfoDao.findAllUserByPage- <==      Total: 3
2018/12/12-16:58 [http-nio-8080-exec-2] DEBUG com.aaa.dao.UserInfoDao.getTotal- ==>  Preparing: select count(*) totalrow from tbl_userinfo 
2018/12/12-16:58 [http-nio-8080-exec-4] DEBUG com.aaa.dao.UserInfoDao.getTotal- ==>  Preparing: select count(*) totalrow from tbl_userinfo 
2018/12/12-16:58 [http-nio-8080-exec-2] DEBUG com.aaa.dao.UserInfoDao.getTotal- ==> Parameters: 
2018/12/12-16:58 [http-nio-8080-exec-4] DEBUG com.aaa.dao.UserInfoDao.getTotal- ==> Parameters: 
2018/12/12-16:58 [http-nio-8080-exec-2] DEBUG com.aaa.dao.UserInfoDao.getTotal- <==      Total: 1
2018/12/12-16:58 [http-nio-8080-exec-4] DEBUG com.aaa.dao.UserInfoDao.getTotal- <==      Total: 1
2018/12/12-16:58 [http-nio-8080-exec-9] DEBUG com.aaa.dao.UserInfoDao.editUser- ==>  Preparing: update tbl_userinfo set username=?,password=?,createtime=? where id=? 
2018/12/12-16:58 [http-nio-8080-exec-9] DEBUG com.aaa.dao.UserInfoDao.editUser- ==> Parameters: 5(String), 5(String), 2018-12-11 08:00:00.0(Timestamp), 6(Integer)
2018/12/12-16:58 [http-nio-8080-exec-9] DEBUG com.aaa.dao.UserInfoDao.editUser- <==    Updates: 1
2018/12/12-16:58 [http-nio-8080-exec-10] DEBUG com.aaa.dao.UserInfoDao.findAllUserByPage- ==>  Preparing: select id,username,password,createtime,imageurls from tbl_userinfo order by id desc limit ?,? 
2018/12/12-16:58 [http-nio-8080-exec-10] DEBUG com.aaa.dao.UserInfoDao.findAllUserByPage- ==> Parameters: 0(Integer), 5(Integer)
2018/12/12-16:58 [http-nio-8080-exec-10] DEBUG com.aaa.dao.UserInfoDao.findAllUserByPage- <==      Total: 3
2018/12/12-16:58 [http-nio-8080-exec-10] DEBUG com.aaa.dao.UserInfoDao.getTotal- ==>  Preparing: select count(*) totalrow from tbl_userinfo 
2018/12/12-16:58 [http-nio-8080-exec-10] DEBUG com.aaa.dao.UserInfoDao.getTotal- ==> Parameters: 
2018/12/12-16:58 [http-nio-8080-exec-10] DEBUG com.aaa.dao.UserInfoDao.getTotal- <==      Total: 1
2018/12/12-16:59 [http-nio-8080-exec-4] DEBUG com.aaa.dao.UserInfoDao.findAllUserByPage- ==>  Preparing: select id,username,password,createtime,imageurls from tbl_userinfo limit ?,? 
2018/12/12-16:59 [http-nio-8080-exec-4] DEBUG com.aaa.dao.UserInfoDao.findAllUserByPage- ==> Parameters: 0(Integer), 5(Integer)
2018/12/12-16:59 [http-nio-8080-exec-4] DEBUG com.aaa.dao.UserInfoDao.findAllUserByPage- <==      Total: 3
2018/12/12-16:59 [http-nio-8080-exec-4] DEBUG com.aaa.dao.UserInfoDao.getTotal- ==>  Preparing: select count(*) totalrow from tbl_userinfo 
2018/12/12-16:59 [http-nio-8080-exec-4] DEBUG com.aaa.dao.UserInfoDao.getTotal- ==> Parameters: 
2018/12/12-16:59 [http-nio-8080-exec-4] DEBUG com.aaa.dao.UserInfoDao.getTotal- <==      Total: 1
2018/12/12-16:59 [http-nio-8080-exec-7] DEBUG com.aaa.dao.UserInfoDao.findAllUserByPage- ==>  Preparing: select id,username,password,createtime,imageurls from tbl_userinfo order by id desc limit ?,? 
2018/12/12-16:59 [http-nio-8080-exec-7] DEBUG com.aaa.dao.UserInfoDao.findAllUserByPage- ==> Parameters: 0(Integer), 5(Integer)
2018/12/12-16:59 [http-nio-8080-exec-7] DEBUG com.aaa.dao.UserInfoDao.findAllUserByPage- <==      Total: 3
2018/12/12-16:59 [http-nio-8080-exec-7] DEBUG com.aaa.dao.UserInfoDao.getTotal- ==>  Preparing: select count(*) totalrow from tbl_userinfo 
2018/12/12-16:59 [http-nio-8080-exec-7] DEBUG com.aaa.dao.UserInfoDao.getTotal- ==> Parameters: 
2018/12/12-16:59 [http-nio-8080-exec-7] DEBUG com.aaa.dao.UserInfoDao.getTotal- <==      Total: 1
2018/12/12-16:59 [http-nio-8080-exec-9] DEBUG com.aaa.dao.UserInfoDao.delUserById- ==>  Preparing: delete from tbl_userinfo where id=? 
2018/12/12-16:59 [http-nio-8080-exec-9] DEBUG com.aaa.dao.UserInfoDao.delUserById- ==> Parameters: 6(Integer)
2018/12/12-16:59 [http-nio-8080-exec-9] DEBUG com.aaa.dao.UserInfoDao.delUserById- <==    Updates: 1
2018/12/12-16:59 [http-nio-8080-exec-10] DEBUG com.aaa.dao.UserInfoDao.findAllUserByPage- ==>  Preparing: select id,username,password,createtime,imageurls from tbl_userinfo order by id desc limit ?,? 
2018/12/12-16:59 [http-nio-8080-exec-10] DEBUG com.aaa.dao.UserInfoDao.findAllUserByPage- ==> Parameters: 0(Integer), 5(Integer)
2018/12/12-16:59 [http-nio-8080-exec-10] DEBUG com.aaa.dao.UserInfoDao.findAllUserByPage- <==      Total: 2
2018/12/12-16:59 [http-nio-8080-exec-10] DEBUG com.aaa.dao.UserInfoDao.getTotal- ==>  Preparing: select count(*) totalrow from tbl_userinfo 
2018/12/12-16:59 [http-nio-8080-exec-10] DEBUG com.aaa.dao.UserInfoDao.getTotal- ==> Parameters: 
2018/12/12-16:59 [http-nio-8080-exec-10] DEBUG com.aaa.dao.UserInfoDao.getTotal- <==      Total: 1
2018/12/12-16:59 [http-nio-8080-exec-1] DEBUG com.aaa.dao.UserInfoDao.delUserById- ==>  Preparing: delete from tbl_userinfo where id=? 
2018/12/12-16:59 [http-nio-8080-exec-1] DEBUG com.aaa.dao.UserInfoDao.delUserById- ==> Parameters: 7(Integer)
2018/12/12-16:59 [http-nio-8080-exec-1] DEBUG com.aaa.dao.UserInfoDao.delUserById- <==    Updates: 1
2018/12/12-16:59 [http-nio-8080-exec-3] DEBUG com.aaa.dao.UserInfoDao.findAllUserByPage- ==>  Preparing: select id,username,password,createtime,imageurls from tbl_userinfo order by id desc limit ?,? 
2018/12/12-16:59 [http-nio-8080-exec-3] DEBUG com.aaa.dao.UserInfoDao.findAllUserByPage- ==> Parameters: 0(Integer), 5(Integer)
2018/12/12-16:59 [http-nio-8080-exec-3] DEBUG com.aaa.dao.UserInfoDao.findAllUserByPage- <==      Total: 1
2018/12/12-16:59 [http-nio-8080-exec-3] DEBUG com.aaa.dao.UserInfoDao.getTotal- ==>  Preparing: select count(*) totalrow from tbl_userinfo 
2018/12/12-16:59 [http-nio-8080-exec-3] DEBUG com.aaa.dao.UserInfoDao.getTotal- ==> Parameters: 
2018/12/12-16:59 [http-nio-8080-exec-3] DEBUG com.aaa.dao.UserInfoDao.getTotal- <==      Total: 1
2018/12/12-16:59 [http-nio-8080-exec-4] DEBUG com.aaa.dao.UserInfoDao.delUserById- ==>  Preparing: delete from tbl_userinfo where id=? 
2018/12/12-16:59 [http-nio-8080-exec-4] DEBUG com.aaa.dao.UserInfoDao.delUserById- ==> Parameters: 2(Integer)
2018/12/12-16:59 [http-nio-8080-exec-4] DEBUG com.aaa.dao.UserInfoDao.delUserById- <==    Updates: 1
2018/12/12-16:59 [http-nio-8080-exec-2] DEBUG com.aaa.dao.UserInfoDao.findAllUserByPage- ==>  Preparing: select id,username,password,createtime,imageurls from tbl_userinfo order by id desc limit ?,? 
2018/12/12-16:59 [http-nio-8080-exec-2] DEBUG com.aaa.dao.UserInfoDao.findAllUserByPage- ==> Parameters: 0(Integer), 5(Integer)
2018/12/12-16:59 [http-nio-8080-exec-2] DEBUG com.aaa.dao.UserInfoDao.findAllUserByPage- <==      Total: 0
2018/12/12-16:59 [http-nio-8080-exec-2] DEBUG com.aaa.dao.UserInfoDao.getTotal- ==>  Preparing: select count(*) totalrow from tbl_userinfo 
2018/12/12-16:59 [http-nio-8080-exec-2] DEBUG com.aaa.dao.UserInfoDao.getTotal- ==> Parameters: 
2018/12/12-16:59 [http-nio-8080-exec-2] DEBUG com.aaa.dao.UserInfoDao.getTotal- <==      Total: 1
2018/12/12-16:59 [http-nio-8080-exec-7] DEBUG com.aaa.dao.UserInfoDao.addUser- ==>  Preparing: insert into tbl_userinfo (username,password,createtime,imageurls) values (?,?,?,?) 
2018/12/12-16:59 [http-nio-8080-exec-7] DEBUG com.aaa.dao.UserInfoDao.addUser- ==> Parameters: 1(String), 1(String), 2018-12-12 04:59:12.0(Timestamp), /9719ab95-9fbe-4f5f-bd11-8cb9855c2cd8.jpg(String)
2018/12/12-16:59 [http-nio-8080-exec-7] DEBUG com.aaa.dao.UserInfoDao.addUser- <==    Updates: 1
2018/12/12-16:59 [http-nio-8080-exec-8] DEBUG com.aaa.dao.UserInfoDao.findAllUserByPage- ==>  Preparing: select id,username,password,createtime,imageurls from tbl_userinfo order by id desc limit ?,? 
2018/12/12-16:59 [http-nio-8080-exec-8] DEBUG com.aaa.dao.UserInfoDao.findAllUserByPage- ==> Parameters: 0(Integer), 5(Integer)
2018/12/12-16:59 [http-nio-8080-exec-8] DEBUG com.aaa.dao.UserInfoDao.findAllUserByPage- <==      Total: 1
2018/12/12-16:59 [http-nio-8080-exec-8] DEBUG com.aaa.dao.UserInfoDao.getTotal- ==>  Preparing: select count(*) totalrow from tbl_userinfo 
2018/12/12-16:59 [http-nio-8080-exec-8] DEBUG com.aaa.dao.UserInfoDao.getTotal- ==> Parameters: 
2018/12/12-16:59 [http-nio-8080-exec-8] DEBUG com.aaa.dao.UserInfoDao.getTotal- <==      Total: 1
